<?xml version="1.0" encoding="UTF-8"?>
<testng-results skipped="0" failed="0" ignored="0" total="1" passed="1">
  <reporter-output>
  </reporter-output>
  <suite name="Default suite" duration-ms="75" started-at="2019-07-26T04:11:36Z" finished-at="2019-07-26T04:11:37Z">
    <groups>
    </groups>
    <test name="Default test" duration-ms="75" started-at="2019-07-26T04:11:36Z" finished-at="2019-07-26T04:11:37Z">
      <class name="com.qa.jenkins.Jenkins_example">
        <test-method status="PASS" signature="main()[pri:0, instance:com.qa.jenkins.Jenkins_example@50c87b21]" name="main" duration-ms="16" started-at="2019-07-26T04:11:37Z" finished-at="2019-07-26T04:11:37Z">
          <reporter-output>
          </reporter-output>
        </test-method> <!-- main -->
      </class> <!-- com.qa.jenkins.Jenkins_example -->
    </test> <!-- Default test -->
  </suite> <!-- Default suite -->
</testng-results>
